{
  "stats": {
    "suites": 1,
    "tests": 3,
    "passes": 3,
    "pending": 0,
    "failures": 0,
    "start": "2024-05-07T14:56:34.676Z",
    "end": "2024-05-07T14:56:55.523Z",
    "duration": 20847,
    "testsRegistered": 3,
    "passPercent": 100,
    "pendingPercent": 0,
    "other": 0,
    "hasOther": false,
    "skipped": 0,
    "hasSkipped": false
  },
  "results": [
    {
      "uuid": "b9d88a3f-8ba7-400c-bb27-b225cf30fb8a",
      "title": "",
      "fullFile": "cypress\\e2e\\login\\login.cy.js",
      "file": "cypress\\e2e\\login\\login.cy.js",
      "beforeHooks": [],
      "afterHooks": [],
      "tests": [],
      "suites": [
        {
          "uuid": "b9281056-f40d-4e6f-97d1-3ead1c5ba0e9",
          "title": "Teste Funcional de Login com sucesso",
          "fullFile": "",
          "file": "",
          "beforeHooks": [],
          "afterHooks": [],
          "tests": [
            {
              "title": "Deve realizar o login com sucesso",
              "fullTitle": "Teste Funcional de Login com sucesso Deve realizar o login com sucesso",
              "timedOut": null,
              "duration": 6145,
              "state": "passed",
              "speed": "medium",
              "pass": true,
              "fail": false,
              "pending": false,
              "context": null,
              "code": "cy.visit(\"https://webserver-pg-uat.lfr.cloud/\");\ncy.get('#onetrust-accept-btn-handler').click();\ncy.get('.signup-cta').click();\ncy.get('.text-underline').click();\ncy.get('#_com_pg_descubrapg_consumerlogin_portlet_ConsumerLoginPortlet_email').type(\"handrade-dpg11@vertigo.com.br\");\ncy.get('#_com_pg_descubrapg_consumerlogin_portlet_ConsumerLoginPortlet_password').type(\"H-s123456\");\ncy.get('.peg__register-form-submit').click();",
              "err": {},
              "uuid": "05fb4141-ffb0-4e01-b46a-cef1bad6f5bf",
              "parentUUID": "b9281056-f40d-4e6f-97d1-3ead1c5ba0e9",
              "isHook": false,
              "skipped": false
            },
            {
              "title": "Validando login com usuario incorreto",
              "fullTitle": "Teste Funcional de Login com sucesso Validando login com usuario incorreto",
              "timedOut": null,
              "duration": 6305,
              "state": "passed",
              "speed": "medium",
              "pass": true,
              "fail": false,
              "pending": false,
              "context": null,
              "code": "cy.visit(\"https://webserver-pg-uat.lfr.cloud/\");\ncy.get('#onetrust-accept-btn-handler').click();\ncy.get('.signup-cta').click();\ncy.get('.text-underline').click();\ncy.get('#_com_pg_descubrapg_consumerlogin_portlet_ConsumerLoginPortlet_email').type(\"loginIncoreto@com.br\");\ncy.get('#_com_pg_descubrapg_consumerlogin_portlet_ConsumerLoginPortlet_password').type(\"H-s123456\");\ncy.get('.peg__register-form-submit').click();\ncy.get('body').should('contain', 'Erro:').should('be.visible');",
              "err": {},
              "uuid": "a2f4c00c-64a4-4507-b709-2549fbf31285",
              "parentUUID": "b9281056-f40d-4e6f-97d1-3ead1c5ba0e9",
              "isHook": false,
              "skipped": false
            },
            {
              "title": "Validando com senha incorreta",
              "fullTitle": "Teste Funcional de Login com sucesso Validando com senha incorreta",
              "timedOut": null,
              "duration": 6259,
              "state": "passed",
              "speed": "medium",
              "pass": true,
              "fail": false,
              "pending": false,
              "context": null,
              "code": "cy.visit(\"https://webserver-pg-uat.lfr.cloud/\");\ncy.get('#onetrust-accept-btn-handler').click();\ncy.get('.signup-cta').click();\ncy.get('.text-underline').click();\ncy.get('#_com_pg_descubrapg_consumerlogin_portlet_ConsumerLoginPortlet_email').type(\"handrade-dpg11@vertigo.com.br\");\ncy.get('#_com_pg_descubrapg_consumerlogin_portlet_ConsumerLoginPortlet_password').type(\"senhaIncorreta\");\ncy.get('.peg__register-form-submit').click();\ncy.get('body').should('contain', 'Erro:').should('be.visible');",
              "err": {},
              "uuid": "2dbe523e-86a8-44e3-9595-6c18fd1f12bc",
              "parentUUID": "b9281056-f40d-4e6f-97d1-3ead1c5ba0e9",
              "isHook": false,
              "skipped": false
            }
          ],
          "suites": [],
          "passes": [
            "05fb4141-ffb0-4e01-b46a-cef1bad6f5bf",
            "a2f4c00c-64a4-4507-b709-2549fbf31285",
            "2dbe523e-86a8-44e3-9595-6c18fd1f12bc"
          ],
          "failures": [],
          "pending": [],
          "skipped": [],
          "duration": 18709,
          "root": false,
          "rootEmpty": false,
          "_timeout": 2000
        }
      ],
      "passes": [],
      "failures": [],
      "pending": [],
      "skipped": [],
      "duration": 0,
      "root": true,
      "rootEmpty": true,
      "_timeout": 2000
    }
  ],
  "meta": {
    "mocha": {
      "version": "7.0.1"
    },
    "mochawesome": {
      "options": {
        "quiet": false,
        "reportFilename": "mochawesome",
        "saveHtml": false,
        "saveJson": true,
        "consoleReporter": "spec",
        "useInlineDiffs": false,
        "code": true
      },
      "version": "7.1.3"
    },
    "marge": {
      "options": {
        "overwrite": false,
        "html": false,
        "json": true,
        "reportDir": "cypress\\reports\\html\\.jsons"
      },
      "version": "6.2.0"
    }
  }
}