{
  "stats": {
    "suites": 1,
    "tests": 3,
    "passes": 3,
    "pending": 0,
    "failures": 0,
    "start": "2024-05-07T13:23:01.221Z",
    "end": "2024-05-07T13:23:21.900Z",
    "duration": 20679,
    "testsRegistered": 3,
    "passPercent": 100,
    "pendingPercent": 0,
    "other": 0,
    "hasOther": false,
    "skipped": 0,
    "hasSkipped": false
  },
  "results": [
    {
      "uuid": "3089b5ac-6911-49fc-91a1-79a747f05949",
      "title": "",
      "fullFile": "cypress\\e2e\\login\\login.cy.js",
      "file": "cypress\\e2e\\login\\login.cy.js",
      "beforeHooks": [],
      "afterHooks": [],
      "tests": [],
      "suites": [
        {
          "uuid": "a83fee0b-25d6-44e0-b5f1-f2685ad5c48e",
          "title": "Teste Funcional de Login com sucesso",
          "fullFile": "",
          "file": "",
          "beforeHooks": [],
          "afterHooks": [],
          "tests": [
            {
              "title": "Deve realizar o login com sucesso",
              "fullTitle": "Teste Funcional de Login com sucesso Deve realizar o login com sucesso",
              "timedOut": null,
              "duration": 6139,
              "state": "passed",
              "speed": "medium",
              "pass": true,
              "fail": false,
              "pending": false,
              "context": null,
              "code": "cy.visit(\"https://webserver-pg-uat.lfr.cloud/\");\ncy.get('#onetrust-accept-btn-handler').click();\ncy.get('.signup-cta').click();\ncy.get('.text-underline').click();\ncy.get('#_com_pg_descubrapg_consumerlogin_portlet_ConsumerLoginPortlet_email').type(\"handrade-dpg11@vertigo.com.br\");\ncy.get('#_com_pg_descubrapg_consumerlogin_portlet_ConsumerLoginPortlet_password').type(\"H-s123456\");\ncy.get('.peg__register-form-submit').click();",
              "err": {},
              "uuid": "9bde3143-0d78-4310-8965-62e07f8e14b1",
              "parentUUID": "a83fee0b-25d6-44e0-b5f1-f2685ad5c48e",
              "isHook": false,
              "skipped": false
            },
            {
              "title": "Validando login com usuario incorreto",
              "fullTitle": "Teste Funcional de Login com sucesso Validando login com usuario incorreto",
              "timedOut": null,
              "duration": 6305,
              "state": "passed",
              "speed": "medium",
              "pass": true,
              "fail": false,
              "pending": false,
              "context": null,
              "code": "cy.visit(\"https://webserver-pg-uat.lfr.cloud/\");\ncy.get('#onetrust-accept-btn-handler').click();\ncy.get('.signup-cta').click();\ncy.get('.text-underline').click();\ncy.get('#_com_pg_descubrapg_consumerlogin_portlet_ConsumerLoginPortlet_email').type(\"loginIncoreto@com.br\");\ncy.get('#_com_pg_descubrapg_consumerlogin_portlet_ConsumerLoginPortlet_password').type(\"H-s123456\");\ncy.get('.peg__register-form-submit').click();\ncy.get('body').should('contain', 'Erro:').should('be.visible');",
              "err": {},
              "uuid": "af4f6fd2-c768-49e7-bbf0-cd6c419bd993",
              "parentUUID": "a83fee0b-25d6-44e0-b5f1-f2685ad5c48e",
              "isHook": false,
              "skipped": false
            },
            {
              "title": "Validando com senha incorreta",
              "fullTitle": "Teste Funcional de Login com sucesso Validando com senha incorreta",
              "timedOut": null,
              "duration": 5950,
              "state": "passed",
              "speed": "medium",
              "pass": true,
              "fail": false,
              "pending": false,
              "context": null,
              "code": "cy.visit(\"https://webserver-pg-uat.lfr.cloud/\");\ncy.get('#onetrust-accept-btn-handler').click();\ncy.get('.signup-cta').click();\ncy.get('.text-underline').click();\ncy.get('#_com_pg_descubrapg_consumerlogin_portlet_ConsumerLoginPortlet_email').type(\"handrade-dpg11@vertigo.com.br\");\ncy.get('#_com_pg_descubrapg_consumerlogin_portlet_ConsumerLoginPortlet_password').type(\"senhaIncorreta\");\ncy.get('.peg__register-form-submit').click();\ncy.get('body').should('contain', 'Erro:').should('be.visible');",
              "err": {},
              "uuid": "08578ddb-6c88-4034-8567-75d1fbdd8597",
              "parentUUID": "a83fee0b-25d6-44e0-b5f1-f2685ad5c48e",
              "isHook": false,
              "skipped": false
            }
          ],
          "suites": [],
          "passes": [
            "9bde3143-0d78-4310-8965-62e07f8e14b1",
            "af4f6fd2-c768-49e7-bbf0-cd6c419bd993",
            "08578ddb-6c88-4034-8567-75d1fbdd8597"
          ],
          "failures": [],
          "pending": [],
          "skipped": [],
          "duration": 18394,
          "root": false,
          "rootEmpty": false,
          "_timeout": 2000
        }
      ],
      "passes": [],
      "failures": [],
      "pending": [],
      "skipped": [],
      "duration": 0,
      "root": true,
      "rootEmpty": true,
      "_timeout": 2000
    }
  ],
  "meta": {
    "mocha": {
      "version": "7.0.1"
    },
    "mochawesome": {
      "options": {
        "quiet": false,
        "reportFilename": "mochawesome",
        "saveHtml": false,
        "saveJson": true,
        "consoleReporter": "spec",
        "useInlineDiffs": false,
        "code": true
      },
      "version": "7.1.3"
    },
    "marge": {
      "options": {
        "overwrite": false,
        "html": false,
        "json": true,
        "reportDir": "cypress\\reports\\html\\.jsons"
      },
      "version": "6.2.0"
    }
  }
}