{
  "stats": {
    "suites": 1,
    "tests": 3,
    "passes": 2,
    "pending": 0,
    "failures": 1,
    "start": "2024-05-07T15:04:36.679Z",
    "end": "2024-05-07T15:05:02.049Z",
    "duration": 25370,
    "testsRegistered": 3,
    "passPercent": 66.66666666666666,
    "pendingPercent": 0,
    "other": 0,
    "hasOther": false,
    "skipped": 0,
    "hasSkipped": false
  },
  "results": [
    {
      "uuid": "f602594f-8790-47ef-9bd8-a9e2e651fb91",
      "title": "",
      "fullFile": "cypress\\e2e\\login\\login.cy.js",
      "file": "cypress\\e2e\\login\\login.cy.js",
      "beforeHooks": [],
      "afterHooks": [],
      "tests": [],
      "suites": [
        {
          "uuid": "d3cde119-e443-4a74-be66-e75e27622e54",
          "title": "Teste Funcional de Login com sucesso",
          "fullFile": "",
          "file": "",
          "beforeHooks": [],
          "afterHooks": [],
          "tests": [
            {
              "title": "Deve realizar o login com sucesso",
              "fullTitle": "Teste Funcional de Login com sucesso Deve realizar o login com sucesso",
              "timedOut": null,
              "duration": 6105,
              "state": "passed",
              "speed": "medium",
              "pass": true,
              "fail": false,
              "pending": false,
              "context": null,
              "code": "cy.visit(\"https://webserver-pg-uat.lfr.cloud/\");\ncy.get('#onetrust-accept-btn-handler').click();\ncy.get('.signup-cta').click();\ncy.get('.text-underline').click();\ncy.get('#_com_pg_descubrapg_consumerlogin_portlet_ConsumerLoginPortlet_email').type(\"handrade-dpg11@vertigo.com.br\");\ncy.get('#_com_pg_descubrapg_consumerlogin_portlet_ConsumerLoginPortlet_password').type(\"H-s123456\"); //H-s123456 senha correta\ncy.get('.peg__register-form-submit').click();",
              "err": {},
              "uuid": "b8ab1b70-bc1c-490a-88f2-56c241b7e2db",
              "parentUUID": "d3cde119-e443-4a74-be66-e75e27622e54",
              "isHook": false,
              "skipped": false
            },
            {
              "title": "Validando login com usuario incorreto",
              "fullTitle": "Teste Funcional de Login com sucesso Validando login com usuario incorreto",
              "timedOut": null,
              "duration": 10034,
              "state": "failed",
              "speed": null,
              "pass": false,
              "fail": true,
              "pending": false,
              "context": null,
              "code": "cy.visit(\"https://webserver-pg-uat.lfr.cloud/\");\ncy.get('#onetrust-accept-btn-handler').click();\ncy.get('.signup-cta').click();\ncy.get('.text-underline').click();\ncy.get('#_com_pg_descubrapg_consumerlogin_portlet_ConsumerLoginPortlet_email').type(\"loginIncoreto@com.br\");\ncy.get('#_com_pg_descubrapg_consumerlogin_portlet_ConsumerLoginPortlet_password').type(\"H-s123456\");\n//cy.get('.peg__register-form-submit').click()\ncy.get('body').should('contain', 'Erro:').should('be.visible');",
              "err": {
                "message": "AssertionError: Timed out retrying after 4000ms: expected '<body#senna_surface1.chrome.controls-visible.yui3-skin-sam.guest-site.signed-out.public-page.site>' to contain 'Erro:'",
                "estack": "AssertionError: Timed out retrying after 4000ms: expected '<body#senna_surface1.chrome.controls-visible.yui3-skin-sam.guest-site.signed-out.public-page.site>' to contain 'Erro:'\n    at Context.eval (webpack://cypressapresentacao/./cypress/e2e/login/login.cy.js:22:23)",
                "diff": null
              },
              "uuid": "7c83190b-7f4e-4bb7-8b38-edd490cdc409",
              "parentUUID": "d3cde119-e443-4a74-be66-e75e27622e54",
              "isHook": false,
              "skipped": false
            },
            {
              "title": "Validando com senha incorreta",
              "fullTitle": "Teste Funcional de Login com sucesso Validando com senha incorreta",
              "timedOut": null,
              "duration": 7121,
              "state": "passed",
              "speed": "medium",
              "pass": true,
              "fail": false,
              "pending": false,
              "context": null,
              "code": "cy.visit(\"https://webserver-pg-uat.lfr.cloud/\");\ncy.get('#onetrust-accept-btn-handler').click();\ncy.get('.signup-cta').click();\ncy.get('.text-underline').click();\ncy.get('#_com_pg_descubrapg_consumerlogin_portlet_ConsumerLoginPortlet_email').type(\"handrade-dpg11@vertigo.com.br\");\ncy.get('#_com_pg_descubrapg_consumerlogin_portlet_ConsumerLoginPortlet_password').type(\"senhaIncorreta\");\ncy.get('.peg__register-form-submit').click();\ncy.get('body').should('contain', 'Erro:').should('be.visible');",
              "err": {},
              "uuid": "0c391de3-dc98-43ff-90f5-ac1548d07e6a",
              "parentUUID": "d3cde119-e443-4a74-be66-e75e27622e54",
              "isHook": false,
              "skipped": false
            }
          ],
          "suites": [],
          "passes": [
            "b8ab1b70-bc1c-490a-88f2-56c241b7e2db",
            "0c391de3-dc98-43ff-90f5-ac1548d07e6a"
          ],
          "failures": [
            "7c83190b-7f4e-4bb7-8b38-edd490cdc409"
          ],
          "pending": [],
          "skipped": [],
          "duration": 23260,
          "root": false,
          "rootEmpty": false,
          "_timeout": 2000
        }
      ],
      "passes": [],
      "failures": [],
      "pending": [],
      "skipped": [],
      "duration": 0,
      "root": true,
      "rootEmpty": true,
      "_timeout": 2000
    }
  ],
  "meta": {
    "mocha": {
      "version": "7.0.1"
    },
    "mochawesome": {
      "options": {
        "quiet": false,
        "reportFilename": "mochawesome",
        "saveHtml": false,
        "saveJson": true,
        "consoleReporter": "spec",
        "useInlineDiffs": false,
        "code": true
      },
      "version": "7.1.3"
    },
    "marge": {
      "options": {
        "overwrite": false,
        "html": false,
        "json": true,
        "reportDir": "cypress\\reports\\html\\.jsons"
      },
      "version": "6.2.0"
    }
  }
}